# JRE version: OpenJDK Runtime Environment Temurin-17.0.10+7 (17.0.10+7) (build 17.0.10+7)
# Java VM: OpenJDK 64-Bit Server VM Temurin-17.0.10+7 (17.0.10+7, mixed mode, sharing, tiered, compressed oops, compressed class ptrs, serial gc, windows-amd64)
GC Precious Log:
 CPUs: 1 total, 1 available
 Memory: 1023M
 Large Page Support: Disabled
 NUMA Support: Disabled
 Compressed Oops: Enabled (32-bit)
 Heap Min Capacity: 256M
 Heap Initial Capacity: 256M
 Heap Max Capacity: 2G
 Pre-touch: Disabled
Heap:
 def new generation   total 78720K, used 21389K [0x0000000080000000, 0x0000000085560000, 0x00000000aaaa0000)
  eden space 70016K,  18% used [0x0000000080000000, 0x0000000080c637c8, 0x0000000084460000)
  from space 8704K, 100% used [0x0000000084ce0000, 0x0000000085560000, 0x0000000085560000)
  to   space 8704K,   0% used [0x0000000084460000, 0x0000000084460000, 0x0000000084ce0000)
 tenured generation   total 174784K, used 19338K [0x00000000aaaa0000, 0x00000000b5550000, 0x0000000100000000)
   the space 174784K,  11% used [0x00000000aaaa0000, 0x00000000abd829f8, 0x00000000abd82a00, 0x00000000b5550000)
 Metaspace       used 27166K, committed 27520K, reserved 1114112K
  class space    used 3527K, committed 3712K, reserved 1048576K
GC Heap History (6 events):
Event: 26.081 GC heap before
{Heap before GC invocations=0 (full 0):
 def new generation   total 78656K, used 69952K [0x0000000080000000, 0x0000000085550000, 0x00000000aaaa0000)
  eden space 69952K, 100% used [0x0000000080000000, 0x0000000084450000, 0x0000000084450000)
  from space 8704K,   0% used [0x0000000084450000, 0x0000000084450000, 0x0000000084cd0000)
  to   space 8704K,   0% used [0x0000000084cd0000, 0x0000000084cd0000, 0x0000000085550000)
 tenured generation   total 174784K, used 0K [0x00000000aaaa0000, 0x00000000b5550000, 0x0000000100000000)
   the space 174784K,   0% used [0x00000000aaaa0000, 0x00000000aaaa0000, 0x00000000aaaa0200, 0x00000000b5550000)
 Metaspace       used 15681K, committed 16000K, reserved 1114112K
  class space    used 1765K, committed 1920K, reserved 1048576K
}
Event: 26.470 GC heap after
{Heap after GC invocations=1 (full 0):
 def new generation   total 78656K, used 8704K [0x0000000080000000, 0x0000000085550000, 0x00000000aaaa0000)
  eden space 69952K,   0% used [0x0000000080000000, 0x0000000080000000, 0x0000000084450000)
  from space 8704K, 100% used [0x0000000084cd0000, 0x0000000085550000, 0x0000000085550000)
  to   space 8704K,   0% used [0x0000000084450000, 0x0000000084450000, 0x0000000084cd0000)
 tenured generation   total 174784K, used 1361K [0x00000000aaaa0000, 0x00000000b5550000, 0x0000000100000000)
   the space 174784K,   0% used [0x00000000aaaa0000, 0x00000000aabf45d8, 0x00000000aabf4600, 0x00000000b5550000)
 Metaspace       used 15681K, committed 16000K, reserved 1114112K
  class space    used 1765K, committed 1920K, reserved 1048576K
}
Event: 58.288 GC heap before
{Heap before GC invocations=1 (full 0):
 def new generation   total 78656K, used 66984K [0x0000000080000000, 0x0000000085550000, 0x00000000aaaa0000)
  eden space 69952K,  83% used [0x0000000080000000, 0x00000000838ea3f0, 0x0000000084450000)
  from space 8704K, 100% used [0x0000000084cd0000, 0x0000000085550000, 0x0000000085550000)
  to   space 8704K,   0% used [0x0000000084450000, 0x0000000084450000, 0x0000000084cd0000)
 tenured generation   total 174784K, used 1361K [0x00000000aaaa0000, 0x00000000b5550000, 0x0000000100000000)
   the space 174784K,   0% used [0x00000000aaaa0000, 0x00000000aabf45d8, 0x00000000aabf4600, 0x00000000b5550000)
 Metaspace       used 21184K, committed 21504K, reserved 1114112K
  class space    used 2609K, committed 2752K, reserved 1048576K
}
Event: 61.794 GC heap after
{Heap after GC invocations=2 (full 1):
 def new generation   total 78720K, used 0K [0x0000000080000000, 0x0000000085560000, 0x00000000aaaa0000)
  eden space 70016K,   0% used [0x0000000080000000, 0x0000000080000000, 0x0000000084460000)
  from space 8704K,   0% used [0x0000000084460000, 0x0000000084460000, 0x0000000084ce0000)
  to   space 8704K,   0% used [0x0000000084ce0000, 0x0000000084ce0000, 0x0000000085560000)
 tenured generation   total 174784K, used 15153K [0x00000000aaaa0000, 0x00000000b5550000, 0x0000000100000000)
   the space 174784K,   8% used [0x00000000aaaa0000, 0x00000000ab96c670, 0x00000000ab96c800, 0x00000000b5550000)
 Metaspace       used 21182K, committed 21504K, reserved 1114112K
  class space    used 2608K, committed 2752K, reserved 1048576K
}
Event: 245.259 GC heap before
{Heap before GC invocations=2 (full 1):
 def new generation   total 78720K, used 70016K [0x0000000080000000, 0x0000000085560000, 0x00000000aaaa0000)
  eden space 70016K, 100% used [0x0000000080000000, 0x0000000084460000, 0x0000000084460000)
  from space 8704K,   0% used [0x0000000084460000, 0x0000000084460000, 0x0000000084ce0000)
  to   space 8704K,   0% used [0x0000000084ce0000, 0x0000000084ce0000, 0x0000000085560000)
 tenured generation   total 174784K, used 15153K [0x00000000aaaa0000, 0x00000000b5550000, 0x0000000100000000)
   the space 174784K,   8% used [0x00000000aaaa0000, 0x00000000ab96c670, 0x00000000ab96c800, 0x00000000b5550000)
 Metaspace       used 26598K, committed 27008K, reserved 1114112K
  class space    used 3424K, committed 3648K, reserved 1048576K
}
Event: 248.610 GC heap after
{Heap after GC invocations=3 (full 1):
 def new generation   total 78720K, used 8704K [0x0000000080000000, 0x0000000085560000, 0x00000000aaaa0000)
  eden space 70016K,   0% used [0x0000000080000000, 0x0000000080000000, 0x0000000084460000)
  from space 8704K, 100% used [0x0000000084ce0000, 0x0000000085560000, 0x0000000085560000)
  to   space 8704K,   0% used [0x0000000084460000, 0x0000000084460000, 0x0000000084ce0000)
 tenured generation   total 174784K, used 19338K [0x00000000aaaa0000, 0x00000000b5550000, 0x0000000100000000)
   the space 174784K,  11% used [0x00000000aaaa0000, 0x00000000abd829f8, 0x00000000abd82a00, 0x00000000b5550000)
 Metaspace       used 26598K, committed 27008K, reserved 1114112K
  class space    used 3424K, committed 3648K, reserved 1048576K
}

