# JRE version: OpenJDK Runtime Environment Temurin-17.0.10+7 (17.0.10+7) (build 17.0.10+7)
# Java VM: OpenJDK 64-Bit Server VM Temurin-17.0.10+7 (17.0.10+7, mixed mode, sharing, tiered, compressed oops, compressed class ptrs, serial gc, windows-amd64)
GC Precious Log:
 CPUs: 1 total, 1 available
 Memory: 1023M
 Large Page Support: Disabled
 NUMA Support: Disabled
 Compressed Oops: Enabled (32-bit)
 Heap Min Capacity: 256M
 Heap Initial Capacity: 256M
 Heap Max Capacity: 2G
 Pre-touch: Disabled
Heap:
 def new generation   total 78720K, used 23743K [0x0000000080000000, 0x0000000085560000, 0x00000000aaaa0000)
  eden space 70016K,  33% used [0x0000000080000000, 0x000000008172fd48, 0x0000000084460000)
  from space 8704K,   0% used [0x0000000084460000, 0x0000000084460000, 0x0000000084ce0000)
  to   space 8704K,   0% used [0x0000000084ce0000, 0x0000000084ce0000, 0x0000000085560000)
 tenured generation   total 174784K, used 15079K [0x00000000aaaa0000, 0x00000000b5550000, 0x0000000100000000)
   the space 174784K,   8% used [0x00000000aaaa0000, 0x00000000ab959cd8, 0x00000000ab959e00, 0x00000000b5550000)
 Metaspace       used 24184K, committed 24576K, reserved 1114112K
  class space    used 3026K, committed 3200K, reserved 1048576K
GC Heap History (4 events):
Event: 57.888 GC heap before
{Heap before GC invocations=0 (full 0):
 def new generation   total 78656K, used 69952K [0x0000000080000000, 0x0000000085550000, 0x00000000aaaa0000)
  eden space 69952K, 100% used [0x0000000080000000, 0x0000000084450000, 0x0000000084450000)
  from space 8704K,   0% used [0x0000000084450000, 0x0000000084450000, 0x0000000084cd0000)
  to   space 8704K,   0% used [0x0000000084cd0000, 0x0000000084cd0000, 0x0000000085550000)
 tenured generation   total 174784K, used 0K [0x00000000aaaa0000, 0x00000000b5550000, 0x0000000100000000)
   the space 174784K,   0% used [0x00000000aaaa0000, 0x00000000aaaa0000, 0x00000000aaaa0200, 0x00000000b5550000)
 Metaspace       used 15651K, committed 15936K, reserved 1114112K
  class space    used 1763K, committed 1920K, reserved 1048576K
}
Event: 71.757 GC heap after
{Heap after GC invocations=1 (full 0):
 def new generation   total 78656K, used 8704K [0x0000000080000000, 0x0000000085550000, 0x00000000aaaa0000)
  eden space 69952K,   0% used [0x0000000080000000, 0x0000000080000000, 0x0000000084450000)
  from space 8704K, 100% used [0x0000000084cd0000, 0x0000000085550000, 0x0000000085550000)
  to   space 8704K,   0% used [0x0000000084450000, 0x0000000084450000, 0x0000000084cd0000)
 tenured generation   total 174784K, used 1298K [0x00000000aaaa0000, 0x00000000b5550000, 0x0000000100000000)
   the space 174784K,   0% used [0x00000000aaaa0000, 0x00000000aabe4b80, 0x00000000aabe4c00, 0x00000000b5550000)
 Metaspace       used 15651K, committed 15936K, reserved 1114112K
  class space    used 1763K, committed 1920K, reserved 1048576K
}
Event: 171.613 GC heap before
{Heap before GC invocations=1 (full 0):
 def new generation   total 78656K, used 74055K [0x0000000080000000, 0x0000000085550000, 0x00000000aaaa0000)
  eden space 69952K,  93% used [0x0000000080000000, 0x0000000083fd1f28, 0x0000000084450000)
  from space 8704K, 100% used [0x0000000084cd0000, 0x0000000085550000, 0x0000000085550000)
  to   space 8704K,   0% used [0x0000000084450000, 0x0000000084450000, 0x0000000084cd0000)
 tenured generation   total 174784K, used 1298K [0x00000000aaaa0000, 0x00000000b5550000, 0x0000000100000000)
   the space 174784K,   0% used [0x00000000aaaa0000, 0x00000000aabe4b80, 0x00000000aabe4c00, 0x00000000b5550000)
 Metaspace       used 21190K, committed 21504K, reserved 1114112K
  class space    used 2621K, committed 2752K, reserved 1048576K
}
Event: 176.646 GC heap after
{Heap after GC invocations=2 (full 1):
 def new generation   total 78720K, used 0K [0x0000000080000000, 0x0000000085560000, 0x00000000aaaa0000)
  eden space 70016K,   0% used [0x0000000080000000, 0x0000000080000000, 0x0000000084460000)
  from space 8704K,   0% used [0x0000000084460000, 0x0000000084460000, 0x0000000084ce0000)
  to   space 8704K,   0% used [0x0000000084ce0000, 0x0000000084ce0000, 0x0000000085560000)
 tenured generation   total 174784K, used 15079K [0x00000000aaaa0000, 0x00000000b5550000, 0x0000000100000000)
   the space 174784K,   8% used [0x00000000aaaa0000, 0x00000000ab959cd8, 0x00000000ab959e00, 0x00000000b5550000)
 Metaspace       used 21189K, committed 21504K, reserved 1114112K
  class space    used 2621K, committed 2752K, reserved 1048576K
}

